# JRE version: OpenJDK Runtime Environment Temurin-25+36 (25.0+36) (build 25+36-LTS)
# Java VM: OpenJDK 64-Bit Server VM Temurin-25+36 (25+36-LTS, mixed mode, tiered, compressed oops, compressed class ptrs, g1 gc, bsd-amd64)
Heap:
 garbage-first heap   total reserved 2097152K, committed 67584K, used 54683K [0x0000000780000000, 0x0000000800000000)
  region size 1024K, 39 young (39936K), 1 survivors (1024K)
GC Heap Usage History (20 events):
Event: 2677.555 {heap Before GC invocations=644 (full 0):
 garbage-first heap   total reserved 2097152K, committed 67584K, used 54683K [0x0000000780000000, 0x0000000800000000)
  region size 1024K, 39 young (39936K), 1 survivors (1024K)
}
Event: 2677.557 {heap After GC invocations=645 (full 0):
 garbage-first heap   total reserved 2097152K, committed 67584K, used 13725K [0x0000000780000000, 0x0000000800000000)
  region size 1024K, 1 young (1024K), 1 survivors (1024K)
}
Event: 2684.371 {heap Before GC invocations=645 (full 0):
 garbage-first heap   total reserved 2097152K, committed 67584K, used 54685K [0x0000000780000000, 0x0000000800000000)
  region size 1024K, 39 young (39936K), 1 survivors (1024K)
}
Event: 2684.372 {heap After GC invocations=646 (full 0):
 garbage-first heap   total reserved 2097152K, committed 67584K, used 13723K [0x0000000780000000, 0x0000000800000000)
  region size 1024K, 1 young (1024K), 1 survivors (1024K)
}
Event: 2691.175 {heap Before GC invocations=646 (full 0):
 garbage-first heap   total reserved 2097152K, committed 67584K, used 54683K [0x0000000780000000, 0x0000000800000000)
  region size 1024K, 39 young (39936K), 1 survivors (1024K)
}
Event: 2691.178 {heap After GC invocations=647 (full 0):
 garbage-first heap   total reserved 2097152K, committed 67584K, used 13723K [0x0000000780000000, 0x0000000800000000)
  region size 1024K, 1 young (1024K), 1 survivors (1024K)
}
Event: 2697.995 {heap Before GC invocations=647 (full 0):
 garbage-first heap   total reserved 2097152K, committed 67584K, used 54683K [0x0000000780000000, 0x0000000800000000)
  region size 1024K, 39 young (39936K), 1 survivors (1024K)
}
Event: 2697.998 {heap After GC invocations=648 (full 0):
 garbage-first heap   total reserved 2097152K, committed 67584K, used 13723K [0x0000000780000000, 0x0000000800000000)
  region size 1024K, 1 young (1024K), 1 survivors (1024K)
}
Event: 2704.798 {heap Before GC invocations=648 (full 0):
 garbage-first heap   total reserved 2097152K, committed 67584K, used 54683K [0x0000000780000000, 0x0000000800000000)
  region size 1024K, 39 young (39936K), 1 survivors (1024K)
}
Event: 2704.801 {heap After GC invocations=649 (full 0):
 garbage-first heap   total reserved 2097152K, committed 67584K, used 13723K [0x0000000780000000, 0x0000000800000000)
  region size 1024K, 1 young (1024K), 1 survivors (1024K)
}
Event: 2711.603 {heap Before GC invocations=649 (full 0):
 garbage-first heap   total reserved 2097152K, committed 67584K, used 54683K [0x0000000780000000, 0x0000000800000000)
  region size 1024K, 39 young (39936K), 1 survivors (1024K)
}
Event: 2711.605 {heap After GC invocations=650 (full 0):
 garbage-first heap   total reserved 2097152K, committed 67584K, used 13723K [0x0000000780000000, 0x0000000800000000)
  region size 1024K, 1 young (1024K), 1 survivors (1024K)
}
Event: 2718.419 {heap Before GC invocations=650 (full 0):
 garbage-first heap   total reserved 2097152K, committed 67584K, used 54683K [0x0000000780000000, 0x0000000800000000)
  region size 1024K, 39 young (39936K), 1 survivors (1024K)
}
Event: 2718.422 {heap After GC invocations=651 (full 0):
 garbage-first heap   total reserved 2097152K, committed 67584K, used 13721K [0x0000000780000000, 0x0000000800000000)
  region size 1024K, 1 young (1024K), 1 survivors (1024K)
}
Event: 2725.221 {heap Before GC invocations=651 (full 0):
 garbage-first heap   total reserved 2097152K, committed 67584K, used 54681K [0x0000000780000000, 0x0000000800000000)
  region size 1024K, 39 young (39936K), 1 survivors (1024K)
}
Event: 2725.223 {heap After GC invocations=652 (full 0):
 garbage-first heap   total reserved 2097152K, committed 67584K, used 13723K [0x0000000780000000, 0x0000000800000000)
  region size 1024K, 1 young (1024K), 1 survivors (1024K)
}
Event: 2732.037 {heap Before GC invocations=652 (full 0):
 garbage-first heap   total reserved 2097152K, committed 67584K, used 54683K [0x0000000780000000, 0x0000000800000000)
  region size 1024K, 39 young (39936K), 1 survivors (1024K)
}
Event: 2732.040 {heap After GC invocations=653 (full 0):
 garbage-first heap   total reserved 2097152K, committed 67584K, used 13723K [0x0000000780000000, 0x0000000800000000)
  region size 1024K, 1 young (1024K), 1 survivors (1024K)
}
Event: 2738.844 {heap Before GC invocations=653 (full 0):
 garbage-first heap   total reserved 2097152K, committed 67584K, used 54683K [0x0000000780000000, 0x0000000800000000)
  region size 1024K, 39 young (39936K), 1 survivors (1024K)
}
Event: 2738.847 {heap After GC invocations=654 (full 0):
 garbage-first heap   total reserved 2097152K, committed 67584K, used 13723K [0x0000000780000000, 0x0000000800000000)
  region size 1024K, 1 young (1024K), 1 survivors (1024K)
}

