# JRE version: OpenJDK Runtime Environment Temurin-25+36 (25.0+36) (build 25+36-LTS)
# Java VM: OpenJDK 64-Bit Server VM Temurin-25+36 (25+36-LTS, mixed mode, tiered, compressed oops, compressed class ptrs, g1 gc, bsd-amd64)
Heap:
 garbage-first heap   total reserved 2097152K, committed 31744K, used 19866K [0x0000000780000000, 0x0000000800000000)
  region size 1024K, 9 young (9216K), 1 survivors (1024K)
GC Heap Usage History (20 events):
Event: 400.435 {heap Before GC invocations=154 (full 0):
 garbage-first heap   total reserved 2097152K, committed 31744K, used 29084K [0x0000000780000000, 0x0000000800000000)
  region size 1024K, 18 young (18432K), 1 survivors (1024K)
}
Event: 400.437 {heap After GC invocations=155 (full 0):
 garbage-first heap   total reserved 2097152K, committed 31744K, used 9626K [0x0000000780000000, 0x0000000800000000)
  region size 1024K, 1 young (1024K), 1 survivors (1024K)
}
Event: 402.821 {heap Before GC invocations=155 (full 0):
 garbage-first heap   total reserved 2097152K, committed 31744K, used 29082K [0x0000000780000000, 0x0000000800000000)
  region size 1024K, 18 young (18432K), 1 survivors (1024K)
}
Event: 402.823 {heap After GC invocations=156 (full 0):
 garbage-first heap   total reserved 2097152K, committed 31744K, used 9626K [0x0000000780000000, 0x0000000800000000)
  region size 1024K, 1 young (1024K), 1 survivors (1024K)
}
Event: 405.336 {heap Before GC invocations=156 (full 0):
 garbage-first heap   total reserved 2097152K, committed 31744K, used 29082K [0x0000000780000000, 0x0000000800000000)
  region size 1024K, 18 young (18432K), 1 survivors (1024K)
}
Event: 405.337 {heap After GC invocations=157 (full 0):
 garbage-first heap   total reserved 2097152K, committed 31744K, used 9626K [0x0000000780000000, 0x0000000800000000)
  region size 1024K, 1 young (1024K), 1 survivors (1024K)
}
Event: 407.719 {heap Before GC invocations=157 (full 0):
 garbage-first heap   total reserved 2097152K, committed 31744K, used 29082K [0x0000000780000000, 0x0000000800000000)
  region size 1024K, 18 young (18432K), 1 survivors (1024K)
}
Event: 407.721 {heap After GC invocations=158 (full 0):
 garbage-first heap   total reserved 2097152K, committed 31744K, used 9626K [0x0000000780000000, 0x0000000800000000)
  region size 1024K, 1 young (1024K), 1 survivors (1024K)
}
Event: 410.104 {heap Before GC invocations=158 (full 0):
 garbage-first heap   total reserved 2097152K, committed 31744K, used 29082K [0x0000000780000000, 0x0000000800000000)
  region size 1024K, 18 young (18432K), 1 survivors (1024K)
}
Event: 410.106 {heap After GC invocations=159 (full 0):
 garbage-first heap   total reserved 2097152K, committed 31744K, used 9624K [0x0000000780000000, 0x0000000800000000)
  region size 1024K, 1 young (1024K), 1 survivors (1024K)
}
Event: 412.599 {heap Before GC invocations=159 (full 0):
 garbage-first heap   total reserved 2097152K, committed 31744K, used 29080K [0x0000000780000000, 0x0000000800000000)
  region size 1024K, 18 young (18432K), 1 survivors (1024K)
}
Event: 412.601 {heap After GC invocations=160 (full 0):
 garbage-first heap   total reserved 2097152K, committed 31744K, used 9624K [0x0000000780000000, 0x0000000800000000)
  region size 1024K, 1 young (1024K), 1 survivors (1024K)
}
Event: 414.997 {heap Before GC invocations=160 (full 0):
 garbage-first heap   total reserved 2097152K, committed 31744K, used 29080K [0x0000000780000000, 0x0000000800000000)
  region size 1024K, 18 young (18432K), 1 survivors (1024K)
}
Event: 415.000 {heap After GC invocations=161 (full 0):
 garbage-first heap   total reserved 2097152K, committed 31744K, used 9626K [0x0000000780000000, 0x0000000800000000)
  region size 1024K, 1 young (1024K), 1 survivors (1024K)
}
Event: 417.382 {heap Before GC invocations=161 (full 0):
 garbage-first heap   total reserved 2097152K, committed 31744K, used 29082K [0x0000000780000000, 0x0000000800000000)
  region size 1024K, 18 young (18432K), 1 survivors (1024K)
}
Event: 417.383 {heap After GC invocations=162 (full 0):
 garbage-first heap   total reserved 2097152K, committed 31744K, used 9626K [0x0000000780000000, 0x0000000800000000)
  region size 1024K, 1 young (1024K), 1 survivors (1024K)
}
Event: 419.766 {heap Before GC invocations=162 (full 0):
 garbage-first heap   total reserved 2097152K, committed 31744K, used 29082K [0x0000000780000000, 0x0000000800000000)
  region size 1024K, 18 young (18432K), 1 survivors (1024K)
}
Event: 419.769 {heap After GC invocations=163 (full 0):
 garbage-first heap   total reserved 2097152K, committed 31744K, used 9624K [0x0000000780000000, 0x0000000800000000)
  region size 1024K, 1 young (1024K), 1 survivors (1024K)
}
Event: 422.152 {heap Before GC invocations=163 (full 0):
 garbage-first heap   total reserved 2097152K, committed 31744K, used 29080K [0x0000000780000000, 0x0000000800000000)
  region size 1024K, 18 young (18432K), 1 survivors (1024K)
}
Event: 422.154 {heap After GC invocations=164 (full 0):
 garbage-first heap   total reserved 2097152K, committed 31744K, used 9626K [0x0000000780000000, 0x0000000800000000)
  region size 1024K, 1 young (1024K), 1 survivors (1024K)
}

